
*** Running vivado
    with args -log design_1_wrapper.vds -m64 -product Vivado -mode batch -messageDb vivado.pb -notrace -source design_1_wrapper.tcl



****** Vivado v2025.2 (64-bit)
  **** SW Build 6299465 on Fri Nov 14 19:35:11 GMT 2025
  **** IP Build 6300035 on Fri Nov 14 10:48:45 MST 2025
  **** SharedData Build 6298862 on Thu Nov 13 04:50:51 MST 2025
  **** Start of session at: Fri May  1 17:50:18 2026
    ** Copyright 1986-2022 Xilinx, Inc. All Rights Reserved.
    ** Copyright 2022-2025 Advanced Micro Devices, Inc. All Rights Reserved.

source design_1_wrapper.tcl -notrace
WARNING: [Common 17-1361] You have specified a new message control rule that is equivalent to an existing rule with attributes ' -id {17-179}  -suppress '. The existing rule will be replaced.
WARNING: [Common 17-1361] You have specified a new message control rule that is equivalent to an existing rule with attributes ' -id {17-179}  -suppress '. The existing rule will be replaced.
WARNING: [Common 17-1361] You have specified a new message control rule that is equivalent to an existing rule with attributes ' -id {17-179}  -suppress '. The existing rule will be replaced.
WARNING: [Common 17-1361] You have specified a new message control rule that is equivalent to an existing rule with attributes ' -id {17-179}  -suppress '. The existing rule will be replaced.
WARNING: [Common 17-1361] You have specified a new message control rule that is equivalent to an existing rule with attributes ' -id {17-179}  -suppress '. The existing rule will be replaced.
WARNING: [Common 17-1361] You have specified a new message control rule that is equivalent to an existing rule with attributes ' -id {17-179}  -suppress '. The existing rule will be replaced.
WARNING: [Common 17-1361] You have specified a new message control rule that is equivalent to an existing rule with attributes ' -id {17-179}  -suppress '. The existing rule will be replaced.
INFO: [IP_Flow 19-234] Refreshing IP repositories
INFO: [IP_Flow 19-1704] No user IP repositories specified
INFO: [IP_Flow 19-2313] Loaded Vivado IP repository 'D:/2025.2/Vivado/data/ip'.
Command: read_checkpoint -auto_incremental -incremental D:/verilog/emb_project/emb_project.srcs/utils_1/imports/synth_1/design_1_wrapper.dcp
INFO: [Vivado 12-5825] Read reference checkpoint from D:/verilog/emb_project/emb_project.srcs/utils_1/imports/synth_1/design_1_wrapper.dcp for incremental synthesis
INFO: [Vivado 12-7989] Please ensure there are no constraint changes
Command: synth_design -top design_1_wrapper -part xc7z020clg400-1
Starting synth_design
Attempting to get a license for feature 'Synthesis' and/or device 'xc7z020'
INFO: [Common 17-349] Got license for feature 'Synthesis' and/or device 'xc7z020'
INFO: [Device 21-403] Loading part xc7z020clg400-1
INFO: [Synth 8-7079] Multithreading enabled for synth_design using a maximum of 2 processes.
INFO: [Synth 8-7078] Launching helper process for spawning children vivado processes
WARNING: [Common 17-1361] You have specified a new message control rule that is equivalent to an existing rule with attributes ' -id {17-179}  -suppress '. The existing rule will be replaced.
INFO: [Synth 8-7075] Helper process launched with PID 18440
---------------------------------------------------------------------------------
Starting RTL Elaboration : Time (s): cpu = 00:00:05 ; elapsed = 00:00:05 . Memory (MB): peak = 1384.227 ; gain = 540.371
---------------------------------------------------------------------------------
INFO: [Synth 8-6157] synthesizing module 'design_1_wrapper' [D:/verilog/emb_project/design_1/hdl/design_1_wrapper.v:13]
INFO: [Synth 8-6157] synthesizing module 'design_1' [D:/verilog/emb_project/design_1/synth/design_1.v:13]
INFO: [Synth 8-6157] synthesizing module 'design_1_adaptive_traffic_axi_0_0' [D:/verilog/emb_project/emb_project.runs/synth_1/.Xil/Vivado-17828-LAPTOP-134B76A5/realtime/design_1_adaptive_traffic_axi_0_0_stub.v:6]
INFO: [Synth 8-6155] done synthesizing module 'design_1_adaptive_traffic_axi_0_0' (0#1) [D:/verilog/emb_project/emb_project.runs/synth_1/.Xil/Vivado-17828-LAPTOP-134B76A5/realtime/design_1_adaptive_traffic_axi_0_0_stub.v:6]
INFO: [Synth 8-6157] synthesizing module 'design_1_axi_mem_intercon_0' [D:/verilog/emb_project/design_1/synth/design_1.v:508]
INFO: [Synth 8-6157] synthesizing module 's00_couplers_imp_7HNO1D' [D:/verilog/emb_project/design_1/synth/design_1.v:670]
INFO: [Synth 8-6157] synthesizing module 'design_1_axi_mem_intercon_imp_auto_pc_0' [D:/verilog/emb_project/emb_project.runs/synth_1/.Xil/Vivado-17828-LAPTOP-134B76A5/realtime/design_1_axi_mem_intercon_imp_auto_pc_0_stub.v:6]
INFO: [Synth 8-6155] done synthesizing module 'design_1_axi_mem_intercon_imp_auto_pc_0' (0#1) [D:/verilog/emb_project/emb_project.runs/synth_1/.Xil/Vivado-17828-LAPTOP-134B76A5/realtime/design_1_axi_mem_intercon_imp_auto_pc_0_stub.v:6]
INFO: [Synth 8-6155] done synthesizing module 's00_couplers_imp_7HNO1D' (0#1) [D:/verilog/emb_project/design_1/synth/design_1.v:670]
INFO: [Synth 8-6155] done synthesizing module 'design_1_axi_mem_intercon_0' (0#1) [D:/verilog/emb_project/design_1/synth/design_1.v:508]
INFO: [Synth 8-6157] synthesizing module 'design_1_axi_vdma_0_0' [D:/verilog/emb_project/emb_project.runs/synth_1/.Xil/Vivado-17828-LAPTOP-134B76A5/realtime/design_1_axi_vdma_0_0_stub.v:6]
INFO: [Synth 8-6155] done synthesizing module 'design_1_axi_vdma_0_0' (0#1) [D:/verilog/emb_project/emb_project.runs/synth_1/.Xil/Vivado-17828-LAPTOP-134B76A5/realtime/design_1_axi_vdma_0_0_stub.v:6]
WARNING: [Synth 8-7071] port 's2mm_frame_ptr_out' of module 'design_1_axi_vdma_0_0' is unconnected for instance 'axi_vdma_0' [D:/verilog/emb_project/design_1/synth/design_1.v:272]
WARNING: [Synth 8-7071] port 's_axis_s2mm_tready' of module 'design_1_axi_vdma_0_0' is unconnected for instance 'axi_vdma_0' [D:/verilog/emb_project/design_1/synth/design_1.v:272]
WARNING: [Synth 8-7071] port 's2mm_introut' of module 'design_1_axi_vdma_0_0' is unconnected for instance 'axi_vdma_0' [D:/verilog/emb_project/design_1/synth/design_1.v:272]
WARNING: [Synth 8-7023] instance 'axi_vdma_0' of module 'design_1_axi_vdma_0_0' has 45 connections declared, but only 42 given [D:/verilog/emb_project/design_1/synth/design_1.v:272]
INFO: [Synth 8-6157] synthesizing module 'design_1_clk_wiz_0_0' [D:/verilog/emb_project/emb_project.runs/synth_1/.Xil/Vivado-17828-LAPTOP-134B76A5/realtime/design_1_clk_wiz_0_0_stub.v:6]
INFO: [Synth 8-6155] done synthesizing module 'design_1_clk_wiz_0_0' (0#1) [D:/verilog/emb_project/emb_project.runs/synth_1/.Xil/Vivado-17828-LAPTOP-134B76A5/realtime/design_1_clk_wiz_0_0_stub.v:6]
INFO: [Synth 8-6157] synthesizing module 'design_1_processing_system7_0_0' [D:/verilog/emb_project/emb_project.runs/synth_1/.Xil/Vivado-17828-LAPTOP-134B76A5/realtime/design_1_processing_system7_0_0_stub.v:6]
INFO: [Synth 8-6155] done synthesizing module 'design_1_processing_system7_0_0' (0#1) [D:/verilog/emb_project/emb_project.runs/synth_1/.Xil/Vivado-17828-LAPTOP-134B76A5/realtime/design_1_processing_system7_0_0_stub.v:6]
WARNING: [Synth 8-7071] port 'USB0_PORT_INDCTL' of module 'design_1_processing_system7_0_0' is unconnected for instance 'processing_system7_0' [D:/verilog/emb_project/design_1/synth/design_1.v:319]
WARNING: [Synth 8-7071] port 'USB0_VBUS_PWRSELECT' of module 'design_1_processing_system7_0_0' is unconnected for instance 'processing_system7_0' [D:/verilog/emb_project/design_1/synth/design_1.v:319]
WARNING: [Synth 8-7071] port 'S_AXI_HP0_ARREADY' of module 'design_1_processing_system7_0_0' is unconnected for instance 'processing_system7_0' [D:/verilog/emb_project/design_1/synth/design_1.v:319]
WARNING: [Synth 8-7071] port 'S_AXI_HP0_RLAST' of module 'design_1_processing_system7_0_0' is unconnected for instance 'processing_system7_0' [D:/verilog/emb_project/design_1/synth/design_1.v:319]
WARNING: [Synth 8-7071] port 'S_AXI_HP0_RVALID' of module 'design_1_processing_system7_0_0' is unconnected for instance 'processing_system7_0' [D:/verilog/emb_project/design_1/synth/design_1.v:319]
WARNING: [Synth 8-7071] port 'S_AXI_HP0_RRESP' of module 'design_1_processing_system7_0_0' is unconnected for instance 'processing_system7_0' [D:/verilog/emb_project/design_1/synth/design_1.v:319]
WARNING: [Synth 8-7071] port 'S_AXI_HP0_BID' of module 'design_1_processing_system7_0_0' is unconnected for instance 'processing_system7_0' [D:/verilog/emb_project/design_1/synth/design_1.v:319]
WARNING: [Synth 8-7071] port 'S_AXI_HP0_RID' of module 'design_1_processing_system7_0_0' is unconnected for instance 'processing_system7_0' [D:/verilog/emb_project/design_1/synth/design_1.v:319]
WARNING: [Synth 8-7071] port 'S_AXI_HP0_RDATA' of module 'design_1_processing_system7_0_0' is unconnected for instance 'processing_system7_0' [D:/verilog/emb_project/design_1/synth/design_1.v:319]
WARNING: [Synth 8-7071] port 'S_AXI_HP0_RCOUNT' of module 'design_1_processing_system7_0_0' is unconnected for instance 'processing_system7_0' [D:/verilog/emb_project/design_1/synth/design_1.v:319]
WARNING: [Synth 8-7071] port 'S_AXI_HP0_WCOUNT' of module 'design_1_processing_system7_0_0' is unconnected for instance 'processing_system7_0' [D:/verilog/emb_project/design_1/synth/design_1.v:319]
WARNING: [Synth 8-7071] port 'S_AXI_HP0_RACOUNT' of module 'design_1_processing_system7_0_0' is unconnected for instance 'processing_system7_0' [D:/verilog/emb_project/design_1/synth/design_1.v:319]
WARNING: [Synth 8-7071] port 'S_AXI_HP0_WACOUNT' of module 'design_1_processing_system7_0_0' is unconnected for instance 'processing_system7_0' [D:/verilog/emb_project/design_1/synth/design_1.v:319]
WARNING: [Synth 8-7023] instance 'processing_system7_0' of module 'design_1_processing_system7_0_0' has 110 connections declared, but only 97 given [D:/verilog/emb_project/design_1/synth/design_1.v:319]
INFO: [Synth 8-6157] synthesizing module 'design_1_rst_ps7_0_100M_2' [D:/verilog/emb_project/emb_project.runs/synth_1/.Xil/Vivado-17828-LAPTOP-134B76A5/realtime/design_1_rst_ps7_0_100M_2_stub.v:6]
INFO: [Synth 8-6155] done synthesizing module 'design_1_rst_ps7_0_100M_2' (0#1) [D:/verilog/emb_project/emb_project.runs/synth_1/.Xil/Vivado-17828-LAPTOP-134B76A5/realtime/design_1_rst_ps7_0_100M_2_stub.v:6]
WARNING: [Synth 8-7071] port 'mb_reset' of module 'design_1_rst_ps7_0_100M_2' is unconnected for instance 'rst_ps7_0_100M' [D:/verilog/emb_project/design_1/synth/design_1.v:417]
WARNING: [Synth 8-7071] port 'bus_struct_reset' of module 'design_1_rst_ps7_0_100M_2' is unconnected for instance 'rst_ps7_0_100M' [D:/verilog/emb_project/design_1/synth/design_1.v:417]
WARNING: [Synth 8-7071] port 'peripheral_reset' of module 'design_1_rst_ps7_0_100M_2' is unconnected for instance 'rst_ps7_0_100M' [D:/verilog/emb_project/design_1/synth/design_1.v:417]
WARNING: [Synth 8-7071] port 'interconnect_aresetn' of module 'design_1_rst_ps7_0_100M_2' is unconnected for instance 'rst_ps7_0_100M' [D:/verilog/emb_project/design_1/synth/design_1.v:417]
WARNING: [Synth 8-7023] instance 'rst_ps7_0_100M' of module 'design_1_rst_ps7_0_100M_2' has 10 connections declared, but only 6 given [D:/verilog/emb_project/design_1/synth/design_1.v:417]
INFO: [Synth 8-6157] synthesizing module 'design_1_smartconnect_0_0' [D:/verilog/emb_project/emb_project.runs/synth_1/.Xil/Vivado-17828-LAPTOP-134B76A5/realtime/design_1_smartconnect_0_0_stub.v:6]
INFO: [Synth 8-6155] done synthesizing module 'design_1_smartconnect_0_0' (0#1) [D:/verilog/emb_project/emb_project.runs/synth_1/.Xil/Vivado-17828-LAPTOP-134B76A5/realtime/design_1_smartconnect_0_0_stub.v:6]
WARNING: [Synth 8-7071] port 'M00_AXI_awprot' of module 'design_1_smartconnect_0_0' is unconnected for instance 'smartconnect_0' [D:/verilog/emb_project/design_1/synth/design_1.v:424]
WARNING: [Synth 8-7071] port 'M00_AXI_arprot' of module 'design_1_smartconnect_0_0' is unconnected for instance 'smartconnect_0' [D:/verilog/emb_project/design_1/synth/design_1.v:424]
WARNING: [Synth 8-7071] port 'M01_AXI_awaddr' of module 'design_1_smartconnect_0_0' is unconnected for instance 'smartconnect_0' [D:/verilog/emb_project/design_1/synth/design_1.v:424]
WARNING: [Synth 8-7071] port 'M01_AXI_awprot' of module 'design_1_smartconnect_0_0' is unconnected for instance 'smartconnect_0' [D:/verilog/emb_project/design_1/synth/design_1.v:424]
WARNING: [Synth 8-7071] port 'M01_AXI_awvalid' of module 'design_1_smartconnect_0_0' is unconnected for instance 'smartconnect_0' [D:/verilog/emb_project/design_1/synth/design_1.v:424]
WARNING: [Synth 8-7071] port 'M01_AXI_wdata' of module 'design_1_smartconnect_0_0' is unconnected for instance 'smartconnect_0' [D:/verilog/emb_project/design_1/synth/design_1.v:424]
WARNING: [Synth 8-7071] port 'M01_AXI_wstrb' of module 'design_1_smartconnect_0_0' is unconnected for instance 'smartconnect_0' [D:/verilog/emb_project/design_1/synth/design_1.v:424]
WARNING: [Synth 8-7071] port 'M01_AXI_wvalid' of module 'design_1_smartconnect_0_0' is unconnected for instance 'smartconnect_0' [D:/verilog/emb_project/design_1/synth/design_1.v:424]
WARNING: [Synth 8-7071] port 'M01_AXI_bready' of module 'design_1_smartconnect_0_0' is unconnected for instance 'smartconnect_0' [D:/verilog/emb_project/design_1/synth/design_1.v:424]
WARNING: [Synth 8-7071] port 'M01_AXI_araddr' of module 'design_1_smartconnect_0_0' is unconnected for instance 'smartconnect_0' [D:/verilog/emb_project/design_1/synth/design_1.v:424]
WARNING: [Synth 8-7071] port 'M01_AXI_arprot' of module 'design_1_smartconnect_0_0' is unconnected for instance 'smartconnect_0' [D:/verilog/emb_project/design_1/synth/design_1.v:424]
WARNING: [Synth 8-7071] port 'M01_AXI_arvalid' of module 'design_1_smartconnect_0_0' is unconnected for instance 'smartconnect_0' [D:/verilog/emb_project/design_1/synth/design_1.v:424]
WARNING: [Synth 8-7071] port 'M01_AXI_rready' of module 'design_1_smartconnect_0_0' is unconnected for instance 'smartconnect_0' [D:/verilog/emb_project/design_1/synth/design_1.v:424]
WARNING: [Synth 8-7071] port 'M02_AXI_awprot' of module 'design_1_smartconnect_0_0' is unconnected for instance 'smartconnect_0' [D:/verilog/emb_project/design_1/synth/design_1.v:424]
WARNING: [Synth 8-7071] port 'M02_AXI_wstrb' of module 'design_1_smartconnect_0_0' is unconnected for instance 'smartconnect_0' [D:/verilog/emb_project/design_1/synth/design_1.v:424]
WARNING: [Synth 8-7071] port 'M02_AXI_arprot' of module 'design_1_smartconnect_0_0' is unconnected for instance 'smartconnect_0' [D:/verilog/emb_project/design_1/synth/design_1.v:424]
WARNING: [Synth 8-7023] instance 'smartconnect_0' of module 'design_1_smartconnect_0_0' has 97 connections declared, but only 81 given [D:/verilog/emb_project/design_1/synth/design_1.v:424]
INFO: [Synth 8-6155] done synthesizing module 'design_1' (0#1) [D:/verilog/emb_project/design_1/synth/design_1.v:13]
INFO: [Synth 8-6155] done synthesizing module 'design_1_wrapper' (0#1) [D:/verilog/emb_project/design_1/hdl/design_1_wrapper.v:13]
WARNING: [Synth 8-7129] Port M_ACLK in module s00_couplers_imp_7HNO1D is either unconnected or has no load
WARNING: [Synth 8-7129] Port M_ARESETN in module s00_couplers_imp_7HNO1D is either unconnected or has no load
WARNING: [Synth 8-7129] Port ACLK in module design_1_axi_mem_intercon_0 is either unconnected or has no load
WARNING: [Synth 8-7129] Port ARESETN in module design_1_axi_mem_intercon_0 is either unconnected or has no load
---------------------------------------------------------------------------------
Finished RTL Elaboration : Time (s): cpu = 00:00:06 ; elapsed = 00:00:07 . Memory (MB): peak = 1512.000 ; gain = 668.145
---------------------------------------------------------------------------------
---------------------------------------------------------------------------------
Start Handling Custom Attributes
---------------------------------------------------------------------------------
---------------------------------------------------------------------------------
Finished Handling Custom Attributes : Time (s): cpu = 00:00:06 ; elapsed = 00:00:07 . Memory (MB): peak = 1512.000 ; gain = 668.145
---------------------------------------------------------------------------------
---------------------------------------------------------------------------------
Finished RTL Optimization Phase 1 : Time (s): cpu = 00:00:06 ; elapsed = 00:00:07 . Memory (MB): peak = 1512.000 ; gain = 668.145
---------------------------------------------------------------------------------
Netlist sorting complete. Time (s): cpu = 00:00:00 ; elapsed = 00:00:00.011 . Memory (MB): peak = 1512.000 ; gain = 0.000
INFO: [Project 1-570] Preparing netlist for logic optimization

Processing XDC Constraints
Initializing timing engine
Parsing XDC File [d:/verilog/emb_project/design_1/ip/design_1_clk_wiz_0_0/design_1_clk_wiz_0_0/design_1_clk_wiz_0_0_in_context.xdc] for cell 'design_1_i/clk_wiz_0'
Finished Parsing XDC File [d:/verilog/emb_project/design_1/ip/design_1_clk_wiz_0_0/design_1_clk_wiz_0_0/design_1_clk_wiz_0_0_in_context.xdc] for cell 'design_1_i/clk_wiz_0'
Parsing XDC File [d:/verilog/emb_project/design_1/ip/design_1_processing_system7_0_0/design_1_processing_system7_0_0/design_1_processing_system7_0_0_in_context.xdc] for cell 'design_1_i/processing_system7_0'
Finished Parsing XDC File [d:/verilog/emb_project/design_1/ip/design_1_processing_system7_0_0/design_1_processing_system7_0_0/design_1_processing_system7_0_0_in_context.xdc] for cell 'design_1_i/processing_system7_0'
Parsing XDC File [d:/verilog/emb_project/design_1/ip/design_1_rst_ps7_0_100M_2/design_1_rst_ps7_0_100M_2/design_1_rst_ps7_0_100M_2_in_context.xdc] for cell 'design_1_i/rst_ps7_0_100M'
Finished Parsing XDC File [d:/verilog/emb_project/design_1/ip/design_1_rst_ps7_0_100M_2/design_1_rst_ps7_0_100M_2/design_1_rst_ps7_0_100M_2_in_context.xdc] for cell 'design_1_i/rst_ps7_0_100M'
Parsing XDC File [d:/verilog/emb_project/design_1/ip/design_1_axi_vdma_0_0/design_1_axi_vdma_0_0/design_1_axi_vdma_0_0_in_context.xdc] for cell 'design_1_i/axi_vdma_0'
Finished Parsing XDC File [d:/verilog/emb_project/design_1/ip/design_1_axi_vdma_0_0/design_1_axi_vdma_0_0/design_1_axi_vdma_0_0_in_context.xdc] for cell 'design_1_i/axi_vdma_0'
Parsing XDC File [d:/verilog/emb_project/design_1/ip/design_1_axi_mem_intercon_imp_auto_pc_0/design_1_axi_mem_intercon_imp_auto_pc_0/design_1_axi_mem_intercon_imp_auto_pc_0_in_context.xdc] for cell 'design_1_i/axi_mem_intercon/s00_couplers/auto_pc'
Finished Parsing XDC File [d:/verilog/emb_project/design_1/ip/design_1_axi_mem_intercon_imp_auto_pc_0/design_1_axi_mem_intercon_imp_auto_pc_0/design_1_axi_mem_intercon_imp_auto_pc_0_in_context.xdc] for cell 'design_1_i/axi_mem_intercon/s00_couplers/auto_pc'
Parsing XDC File [d:/verilog/emb_project/design_1/ip/design_1_smartconnect_0_0/design_1_smartconnect_0_0/design_1_smartconnect_0_0_in_context.xdc] for cell 'design_1_i/smartconnect_0'
Finished Parsing XDC File [d:/verilog/emb_project/design_1/ip/design_1_smartconnect_0_0/design_1_smartconnect_0_0/design_1_smartconnect_0_0_in_context.xdc] for cell 'design_1_i/smartconnect_0'
Parsing XDC File [d:/verilog/emb_project/design_1/ip/design_1_adaptive_traffic_axi_0_0/design_1_adaptive_traffic_axi_0_0/design_1_adaptive_traffic_axi_0_0_in_context.xdc] for cell 'design_1_i/adaptive_traffic_axi_0'
Finished Parsing XDC File [d:/verilog/emb_project/design_1/ip/design_1_adaptive_traffic_axi_0_0/design_1_adaptive_traffic_axi_0_0/design_1_adaptive_traffic_axi_0_0_in_context.xdc] for cell 'design_1_i/adaptive_traffic_axi_0'
Parsing XDC File [D:/verilog/emb_project/emb_project.srcs/constrs_1/new/test.xdc]
WARNING: [Vivado 12-584] No ports matched 'reset'. [D:/verilog/emb_project/emb_project.srcs/constrs_1/new/test.xdc:1]
WARNING: [Vivado 12-584] No ports matched 'light_n'. [D:/verilog/emb_project/emb_project.srcs/constrs_1/new/test.xdc:4]
WARNING: [Vivado 12-584] No ports matched 'light_s'. [D:/verilog/emb_project/emb_project.srcs/constrs_1/new/test.xdc:5]
WARNING: [Vivado 12-584] No ports matched 'light_e'. [D:/verilog/emb_project/emb_project.srcs/constrs_1/new/test.xdc:6]
WARNING: [Vivado 12-584] No ports matched 'light_w'. [D:/verilog/emb_project/emb_project.srcs/constrs_1/new/test.xdc:7]
WARNING: [Vivado 12-584] No ports matched 'clk'. [D:/verilog/emb_project/emb_project.srcs/constrs_1/new/test.xdc:9]
WARNING: [Vivado 12-584] No ports matched 'clk'. [D:/verilog/emb_project/emb_project.srcs/constrs_1/new/test.xdc:10]
Finished Parsing XDC File [D:/verilog/emb_project/emb_project.srcs/constrs_1/new/test.xdc]
WARNING: [Project 1-498] One or more constraints failed evaluation while reading constraint file [D:/verilog/emb_project/emb_project.srcs/constrs_1/new/test.xdc] and the design contains unresolved black boxes. These constraints will be read post-synthesis (as long as their source constraint file is marked as used_in_implementation) and should be applied correctly then. You should review the constraints listed in the file [.Xil/design_1_wrapper_propImpl.xdc] and check the run log file to verify that these constraints were correctly applied.
Parsing XDC File [D:/verilog/emb_project/emb_project.runs/synth_1/dont_touch.xdc]
Finished Parsing XDC File [D:/verilog/emb_project/emb_project.runs/synth_1/dont_touch.xdc]
Completed Processing XDC Constraints

Netlist sorting complete. Time (s): cpu = 00:00:00 ; elapsed = 00:00:00 . Memory (MB): peak = 1512.000 ; gain = 0.000
INFO: [Project 1-111] Unisim Transformation Summary:
No Unisim elements were transformed.

Constraint Validation Runtime : Time (s): cpu = 00:00:00 ; elapsed = 00:00:00.009 . Memory (MB): peak = 1512.000 ; gain = 0.000
---------------------------------------------------------------------------------
Finished Constraint Validation : Time (s): cpu = 00:00:14 ; elapsed = 00:00:15 . Memory (MB): peak = 1512.000 ; gain = 668.145
---------------------------------------------------------------------------------
---------------------------------------------------------------------------------
Start Loading Part and Timing Information
---------------------------------------------------------------------------------
Loading part: xc7z020clg400-1
---------------------------------------------------------------------------------
Finished Loading Part and Timing Information : Time (s): cpu = 00:00:14 ; elapsed = 00:00:15 . Memory (MB): peak = 1512.000 ; gain = 668.145
---------------------------------------------------------------------------------
---------------------------------------------------------------------------------
Start Applying 'set_property' XDC Constraints
---------------------------------------------------------------------------------
---------------------------------------------------------------------------------
Finished applying 'set_property' XDC Constraints : Time (s): cpu = 00:00:14 ; elapsed = 00:00:15 . Memory (MB): peak = 1512.000 ; gain = 668.145
---------------------------------------------------------------------------------
---------------------------------------------------------------------------------
Start Preparing Guide Design
---------------------------------------------------------------------------------
CRITICAL WARNING: [Synth 8-6895] The reference checkpoint D:/verilog/emb_project/emb_project.srcs/utils_1/imports/synth_1/design_1_wrapper.dcp is not suitable for use with incremental synthesis for this design. Please regenerate the checkpoint for this design with -incremental_synth switch in the same Vivado session that synth_design has been run. Synthesis will continue with the default flow
---------------------------------------------------------------------------------
Finished Doing Graph Differ : Time (s): cpu = 00:00:14 ; elapsed = 00:00:15 . Memory (MB): peak = 1512.000 ; gain = 668.145
---------------------------------------------------------------------------------
---------------------------------------------------------------------------------
Finished Preparing Guide Design : Time (s): cpu = 00:00:14 ; elapsed = 00:00:15 . Memory (MB): peak = 1512.000 ; gain = 668.145
---------------------------------------------------------------------------------
---------------------------------------------------------------------------------
Finished RTL Optimization Phase 2 : Time (s): cpu = 00:00:14 ; elapsed = 00:00:15 . Memory (MB): peak = 1512.000 ; gain = 668.145
---------------------------------------------------------------------------------


Incremental Synthesis Report Summary:

1. Incremental synthesis run: no

   Reason for not running incremental synthesis : 


INFO: [Synth 8-7130] Flow is switching to default flow due to incremental criteria not met. If you would like to alter this behaviour and have the flow terminate instead, please set the following parameter config_implementation {autoIncr.Synth.RejectBehavior Terminate}
---------------------------------------------------------------------------------
Start RTL Component Statistics 
---------------------------------------------------------------------------------
Detailed RTL Component Info : 
---------------------------------------------------------------------------------
Finished RTL Component Statistics 
---------------------------------------------------------------------------------
---------------------------------------------------------------------------------
Start Part Resource Summary
---------------------------------------------------------------------------------
Part Resources:
DSPs: 220 (col length:60)
BRAMs: 280 (col length: RAMB18 60 RAMB36 30)
---------------------------------------------------------------------------------
Finished Part Resource Summary
---------------------------------------------------------------------------------
---------------------------------------------------------------------------------
Start Cross Boundary and Area Optimization
---------------------------------------------------------------------------------
WARNING: [Synth 8-7129] Port ACLK in module design_1_axi_mem_intercon_0 is either unconnected or has no load
WARNING: [Synth 8-7129] Port ARESETN in module design_1_axi_mem_intercon_0 is either unconnected or has no load
WARNING: [Synth 8-7129] Port M00_ACLK in module design_1_axi_mem_intercon_0 is either unconnected or has no load
WARNING: [Synth 8-7129] Port M00_ARESETN in module design_1_axi_mem_intercon_0 is either unconnected or has no load
---------------------------------------------------------------------------------
Finished Cross Boundary and Area Optimization : Time (s): cpu = 00:00:16 ; elapsed = 00:00:17 . Memory (MB): peak = 1521.078 ; gain = 677.223
---------------------------------------------------------------------------------
---------------------------------------------------------------------------------
Start Applying XDC Timing Constraints
---------------------------------------------------------------------------------
---------------------------------------------------------------------------------
Finished Applying XDC Timing Constraints : Time (s): cpu = 00:00:20 ; elapsed = 00:00:21 . Memory (MB): peak = 1695.297 ; gain = 851.441
---------------------------------------------------------------------------------
---------------------------------------------------------------------------------
Start Timing Optimization
---------------------------------------------------------------------------------
---------------------------------------------------------------------------------
Finished Timing Optimization : Time (s): cpu = 00:00:20 ; elapsed = 00:00:21 . Memory (MB): peak = 1695.855 ; gain = 852.000
---------------------------------------------------------------------------------
---------------------------------------------------------------------------------
Start Technology Mapping
---------------------------------------------------------------------------------
---------------------------------------------------------------------------------
Finished Technology Mapping : Time (s): cpu = 00:00:20 ; elapsed = 00:00:22 . Memory (MB): peak = 1705.984 ; gain = 862.129
---------------------------------------------------------------------------------
---------------------------------------------------------------------------------
Start IO Insertion
---------------------------------------------------------------------------------
---------------------------------------------------------------------------------
Start Flattening Before IO Insertion
---------------------------------------------------------------------------------
---------------------------------------------------------------------------------
Finished Flattening Before IO Insertion
---------------------------------------------------------------------------------
---------------------------------------------------------------------------------
Start Final Netlist Cleanup
---------------------------------------------------------------------------------
---------------------------------------------------------------------------------
Finished Final Netlist Cleanup
---------------------------------------------------------------------------------
---------------------------------------------------------------------------------
Finished IO Insertion : Time (s): cpu = 00:00:25 ; elapsed = 00:00:26 . Memory (MB): peak = 1954.449 ; gain = 1110.594
---------------------------------------------------------------------------------
---------------------------------------------------------------------------------
Start Renaming Generated Instances
---------------------------------------------------------------------------------
---------------------------------------------------------------------------------
Finished Renaming Generated Instances : Time (s): cpu = 00:00:25 ; elapsed = 00:00:26 . Memory (MB): peak = 1954.449 ; gain = 1110.594
---------------------------------------------------------------------------------
---------------------------------------------------------------------------------
Start Rebuilding User Hierarchy
---------------------------------------------------------------------------------
---------------------------------------------------------------------------------
Finished Rebuilding User Hierarchy : Time (s): cpu = 00:00:25 ; elapsed = 00:00:26 . Memory (MB): peak = 1954.449 ; gain = 1110.594
---------------------------------------------------------------------------------
---------------------------------------------------------------------------------
Start Renaming Generated Ports
---------------------------------------------------------------------------------
---------------------------------------------------------------------------------
Finished Renaming Generated Ports : Time (s): cpu = 00:00:25 ; elapsed = 00:00:26 . Memory (MB): peak = 1954.449 ; gain = 1110.594
---------------------------------------------------------------------------------
---------------------------------------------------------------------------------
Start Handling Custom Attributes
---------------------------------------------------------------------------------
---------------------------------------------------------------------------------
Finished Handling Custom Attributes : Time (s): cpu = 00:00:25 ; elapsed = 00:00:26 . Memory (MB): peak = 1954.449 ; gain = 1110.594
---------------------------------------------------------------------------------
---------------------------------------------------------------------------------
Start Renaming Generated Nets
---------------------------------------------------------------------------------
---------------------------------------------------------------------------------
Finished Renaming Generated Nets : Time (s): cpu = 00:00:25 ; elapsed = 00:00:26 . Memory (MB): peak = 1954.449 ; gain = 1110.594
---------------------------------------------------------------------------------
---------------------------------------------------------------------------------
Start Writing Synthesis Report
---------------------------------------------------------------------------------

Report BlackBoxes: 
+------+----------------------------------------+----------+
|      |BlackBox name                           |Instances |
+------+----------------------------------------+----------+
|1     |design_1_adaptive_traffic_axi_0_0       |         1|
|2     |design_1_axi_mem_intercon_imp_auto_pc_0 |         1|
|3     |design_1_axi_vdma_0_0                   |         1|
|4     |design_1_clk_wiz_0_0                    |         1|
|5     |design_1_processing_system7_0_0         |         1|
|6     |design_1_rst_ps7_0_100M_2               |         1|
|7     |design_1_smartconnect_0_0               |         1|
+------+----------------------------------------+----------+

Report Cell Usage: 
+------+--------------------------------------+------+
|      |Cell                                  |Count |
+------+--------------------------------------+------+
|1     |design_1_adaptive_traffic_axi_0       |     1|
|2     |design_1_axi_mem_intercon_imp_auto_pc |     1|
|3     |design_1_axi_vdma_0                   |     1|
|4     |design_1_clk_wiz_0                    |     1|
|5     |design_1_processing_system7_0         |     1|
|6     |design_1_rst_ps7_0_100M               |     1|
|7     |design_1_smartconnect_0               |     1|
|8     |IBUF                                  |     1|
|9     |OBUF                                  |     4|
+------+--------------------------------------+------+
---------------------------------------------------------------------------------
Finished Writing Synthesis Report : Time (s): cpu = 00:00:25 ; elapsed = 00:00:26 . Memory (MB): peak = 1954.449 ; gain = 1110.594
---------------------------------------------------------------------------------
Synthesis finished with 0 errors, 1 critical warnings and 4 warnings.
Synthesis Optimization Runtime : Time (s): cpu = 00:00:17 ; elapsed = 00:00:24 . Memory (MB): peak = 1954.449 ; gain = 1110.594
Synthesis Optimization Complete : Time (s): cpu = 00:00:25 ; elapsed = 00:00:26 . Memory (MB): peak = 1954.449 ; gain = 1110.594
INFO: [Project 1-571] Translating synthesized netlist
Netlist sorting complete. Time (s): cpu = 00:00:00 ; elapsed = 00:00:00.012 . Memory (MB): peak = 1961.141 ; gain = 0.000
INFO: [Project 1-570] Preparing netlist for logic optimization
INFO: [Opt 31-138] Pushed 0 inverter(s) to 0 load pin(s).
Netlist sorting complete. Time (s): cpu = 00:00:00 ; elapsed = 00:00:00 . Memory (MB): peak = 1962.832 ; gain = 0.000
INFO: [Project 1-111] Unisim Transformation Summary:
No Unisim elements were transformed.

Synth Design complete | Checksum: 936728ca
INFO: [Common 17-83] Releasing license: Synthesis
40 Infos, 64 Warnings, 1 Critical Warnings and 0 Errors encountered.
synth_design completed successfully
synth_design: Time (s): cpu = 00:00:29 ; elapsed = 00:00:45 . Memory (MB): peak = 1962.832 ; gain = 1350.801
INFO: [runtcl-6] Synthesis results are not added to the cache due to CRITICAL_WARNING
Write ShapeDB Complete: Time (s): cpu = 00:00:00 ; elapsed = 00:00:00 . Memory (MB): peak = 1962.832 ; gain = 0.000
INFO: [Common 17-1381] The checkpoint 'D:/verilog/emb_project/emb_project.runs/synth_1/design_1_wrapper.dcp' has been generated.
INFO: [Vivado 12-24828] Executing command : report_utilization -file design_1_wrapper_utilization_synth.rpt -pb design_1_wrapper_utilization_synth.pb
INFO: [Common 17-206] Exiting Vivado at Fri May  1 17:51:14 2026...
